<?xml version="1.0" encoding="UTF-8"?>
<!-- Generated by org.testng.reporters.JUnitReportReporter -->
<testsuite hostname="MOHAMMEDs-MacBook-Pro.local" name="TestExcelData" tests="5" failures="0" timestamp="1 Mar 2016 06:50:53 GMT" time="0.007" errors="0">
  <testcase name="testLoggingData" time="0.001" classname="TestExcelData"/>
  <testcase name="testLoggingData" time="0.000" classname="TestExcelData"/>
  <testcase name="testLoggingData" time="0.006" classname="TestExcelData"/>
  <testcase name="testLoggingData" time="0.000" classname="TestExcelData"/>
  <testcase name="testLoggingData" time="0.000" classname="TestExcelData"/>
</testsuite> <!-- TestExcelData -->
