<?xml version="1.0" encoding="UTF-8"?>
<!-- Generated by org.testng.reporters.JUnitReportReporter -->
<testsuite hostname="MOHAMMEDs-MacBook-Pro.local" name="TestExcelData" tests="10" failures="0" timestamp="2 Mar 2016 04:54:29 GMT" time="0.011" errors="0">
  <testcase name="testLoggingData" time="0.000" classname="TestExcelData"/>
  <testcase name="testLoggingData" time="0.001" classname="TestExcelData"/>
  <testcase name="test2" time="0.001" classname="TestExcelData"/>
  <testcase name="test2" time="0.000" classname="TestExcelData"/>
  <testcase name="test2" time="0.006" classname="TestExcelData"/>
  <testcase name="testLoggingData" time="0.001" classname="TestExcelData"/>
  <testcase name="test2" time="0.001" classname="TestExcelData"/>
  <testcase name="testLoggingData" time="0.000" classname="TestExcelData"/>
  <testcase name="test2" time="0.001" classname="TestExcelData"/>
  <testcase name="testLoggingData" time="0.000" classname="TestExcelData"/>
</testsuite> <!-- TestExcelData -->
