<?xml version="1.0" encoding="UTF-8"?>
<!-- Generated by org.testng.reporters.JUnitReportReporter -->
<<<<<<< HEAD
<testsuite hostname="MOHAMMEDs-MacBook-Pro.local" name="TestExcelData" tests="10" failures="0" timestamp="1 Mar 2016 07:24:04 GMT" time="0.011" errors="0">
  <testcase name="testLoggingData" time="0.001" classname="TestExcelData"/>
  <testcase name="testLoggingData" time="0.000" classname="TestExcelData"/>
  <testcase name="test2" time="0.001" classname="TestExcelData"/>
  <testcase name="test2" time="0.000" classname="TestExcelData"/>
  <testcase name="test2" time="0.007" classname="TestExcelData"/>
  <testcase name="testLoggingData" time="0.000" classname="TestExcelData"/>
  <testcase name="test2" time="0.000" classname="TestExcelData"/>
  <testcase name="testLoggingData" time="0.001" classname="TestExcelData"/>
  <testcase name="test2" time="0.000" classname="TestExcelData"/>
  <testcase name="testLoggingData" time="0.001" classname="TestExcelData"/>
=======
<testsuite hostname="MOHAMMEDs-MacBook-Pro.local" name="TestExcelData" tests="5" failures="0" timestamp="1 Mar 2016 06:50:53 GMT" time="0.007" errors="0">
  <testcase name="testLoggingData" time="0.001" classname="TestExcelData"/>
  <testcase name="testLoggingData" time="0.000" classname="TestExcelData"/>
  <testcase name="testLoggingData" time="0.006" classname="TestExcelData"/>
  <testcase name="testLoggingData" time="0.000" classname="TestExcelData"/>
  <testcase name="testLoggingData" time="0.000" classname="TestExcelData"/>
>>>>>>> 8c3f824a69a4aa7bc5f73d5a2d54139b0b6c581a
</testsuite> <!-- TestExcelData -->
